<?xml version="1.0" encoding="UTF-8"?>
<testng-results skipped="0" failed="0" total="1" passed="1">
  <reporter-output>
  </reporter-output>
  <suite name="Suite" duration-ms="93636" started-at="2020-12-13T09:06:45Z" finished-at="2020-12-13T09:08:19Z">
    <groups>
    </groups>
    <test name="Test" duration-ms="93636" started-at="2020-12-13T09:06:45Z" finished-at="2020-12-13T09:08:19Z">
      <class name="TestCases.LoginPageFunctionality">
        <test-method status="PASS" signature="HomePageNavigation()[pri:0, instance:TestCases.LoginPageFunctionality@13c78c0b]" name="HomePageNavigation" is-config="true" duration-ms="16174" started-at="2020-12-13T14:36:45Z" finished-at="2020-12-13T14:37:01Z">
          <reporter-output>
          </reporter-output>
        </test-method> <!-- HomePageNavigation -->
        <test-method status="PASS" signature="LoginPageOne()[pri:0, instance:TestCases.LoginPageFunctionality@13c78c0b]" name="LoginPageOne" duration-ms="73084" started-at="2020-12-13T14:37:01Z" finished-at="2020-12-13T14:38:14Z">
          <reporter-output>
          </reporter-output>
        </test-method> <!-- LoginPageOne -->
        <test-method status="PASS" signature="getResult()[pri:0, instance:TestCases.LoginPageFunctionality@13c78c0b]" name="getResult" is-config="true" duration-ms="4369" started-at="2020-12-13T14:38:14Z" finished-at="2020-12-13T14:38:19Z">
          <reporter-output>
          </reporter-output>
        </test-method> <!-- getResult -->
      </class> <!-- TestCases.LoginPageFunctionality -->
    </test> <!-- Test -->
  </suite> <!-- Suite -->
</testng-results>
