<?xml version="1.0" encoding="UTF-8"?>
<testng-results skipped="0" failed="0" total="1" passed="1">
  <reporter-output>
  </reporter-output>
  <suite name="Default suite" duration-ms="94296" started-at="2020-11-27T11:54:49Z" finished-at="2020-11-27T11:56:23Z">
    <groups>
    </groups>
    <test name="Default test" duration-ms="94296" started-at="2020-11-27T11:54:49Z" finished-at="2020-11-27T11:56:23Z">
      <class name="TestCases.LoginPageFunctionality">
        <test-method status="PASS" signature="HomePageNavigation()[pri:0, instance:TestCases.LoginPageFunctionality@1e88b3c]" name="HomePageNavigation" is-config="true" duration-ms="16080" started-at="2020-11-27T17:24:49Z" finished-at="2020-11-27T17:25:05Z">
          <reporter-output>
          </reporter-output>
        </test-method> <!-- HomePageNavigation -->
        <test-method status="PASS" signature="LoginPageOne()[pri:0, instance:TestCases.LoginPageFunctionality@1e88b3c]" name="LoginPageOne" duration-ms="73784" started-at="2020-11-27T17:25:05Z" finished-at="2020-11-27T17:26:19Z">
          <reporter-output>
          </reporter-output>
        </test-method> <!-- LoginPageOne -->
        <test-method status="PASS" signature="getResult()[pri:0, instance:TestCases.LoginPageFunctionality@1e88b3c]" name="getResult" is-config="true" duration-ms="4419" started-at="2020-11-27T17:26:19Z" finished-at="2020-11-27T17:26:23Z">
          <reporter-output>
          </reporter-output>
        </test-method> <!-- getResult -->
      </class> <!-- TestCases.LoginPageFunctionality -->
    </test> <!-- Default test -->
  </suite> <!-- Default suite -->
</testng-results>
